[01-21 20:22:39] p10222 {/home/with/Desktop/software-development/flask_app/app.py:25} INFO - Logging is set up.
[01-21 20:22:39] p10225 {/home/with/Desktop/software-development/flask_app/app.py:25} INFO - Logging is set up.
[01-21 20:23:08] p10225 {/home/with/Desktop/software-development/flask_app/app.py:53} INFO - 'user1234' registered successfully!
[01-21 20:23:20] p10225 {/home/with/Desktop/software-development/flask_app/app.py:76} INFO - 'user1234' logged in successfully
[01-21 20:24:37] p10225 {/home/with/Desktop/software-development/flask_app/app.py:120} DEBUG - Film with id 'None' is created
[01-21 20:25:01] p10225 {/home/with/Desktop/software-development/flask_app/app.py:120} DEBUG - Film with id 'None' is created
[01-21 20:25:30] p10225 {/home/with/Desktop/software-development/flask_app/app.py:120} DEBUG - Film with id 'None' is created
[01-21 20:25:33] p10225 {/home/with/Desktop/software-development/flask_app/app.py:89} INFO - 'user1234' logged out
[01-21 20:25:46] p10225 {/home/with/Desktop/software-development/flask_app/app.py:53} INFO - 'user4321' registered successfully!
[01-21 20:25:52] p10225 {/home/with/Desktop/software-development/flask_app/app.py:76} INFO - 'user4321' logged in successfully
[01-21 20:26:09] p10225 {/home/with/Desktop/software-development/flask_app/app.py:120} DEBUG - Film with id 'None' is created
[01-21 20:26:23] p10225 {/home/with/Desktop/software-development/flask_app/app.py:120} DEBUG - Film with id 'None' is created
[01-21 20:26:46] p10225 {/home/with/Desktop/software-development/flask_app/app.py:89} INFO - 'user4321' logged out
[01-21 20:26:59] p10225 {/home/with/Desktop/software-development/flask_app/app.py:76} INFO - 'user1234' logged in successfully
[01-21 20:27:13] p10225 {/home/with/Desktop/software-development/flask_app/app.py:89} INFO - 'user1234' logged out
[01-21 20:27:17] p10225 {/home/with/Desktop/software-development/flask_app/app.py:76} INFO - 'user1234' logged in successfully
[01-22 07:22:05] p4417 {/home/with/Desktop/software-development/flask_app/app.py:25} INFO - Logging is set up.
[01-22 07:22:06] p4420 {/home/with/Desktop/software-development/flask_app/app.py:25} INFO - Logging is set up.
[01-22 07:22:31] p4420 {/home/with/Desktop/software-development/flask_app/app.py:76} INFO - 'user1234' logged in successfully
[01-22 07:24:15] p4596 {/home/with/Desktop/software-development/flask_app/app.py:25} INFO - Logging is set up.
[01-22 07:24:20] p4596 {/home/with/Desktop/software-development/flask_app/app.py:79} WARNING - 'Stoyan' is NOT logged!
[01-22 07:25:13] p4596 {/home/with/Desktop/software-development/flask_app/app.py:76} INFO - 'user1234' logged in successfully
[01-22 08:05:02] p5569 {/home/with/Desktop/software-development/flask_app/app.py:25} INFO - Logging is set up.
[01-22 08:05:03] p5572 {/home/with/Desktop/software-development/flask_app/app.py:25} INFO - Logging is set up.
[01-22 08:05:51] p5785 {/home/with/Desktop/software-development/flask_app/app.py:25} INFO - Logging is set up.
[01-22 08:05:51] p5788 {/home/with/Desktop/software-development/flask_app/app.py:25} INFO - Logging is set up.
[01-22 08:06:37] p5897 {/home/with/Desktop/software-development/flask_app/app.py:25} INFO - Logging is set up.
[01-22 08:06:37] p5900 {/home/with/Desktop/software-development/flask_app/app.py:25} INFO - Logging is set up.
[01-22 08:07:10] p5978 {/home/with/Desktop/software-development/flask_app/app.py:25} INFO - Logging is set up.
[01-22 08:07:10] p5981 {/home/with/Desktop/software-development/flask_app/app.py:25} INFO - Logging is set up.
[01-22 08:52:44] p6773 {/home/with/Desktop/software-development/flask_app/app.py:25} INFO - Logging is set up.
[01-22 08:52:44] p6780 {/home/with/Desktop/software-development/flask_app/app.py:25} INFO - Logging is set up.
[01-22 08:53:08] p6780 {/home/with/Desktop/software-development/flask_app/app.py:76} INFO - 'user1234' logged in successfully
[01-22 08:53:10] p6780 {/home/with/Desktop/software-development/flask_app/app.py:89} INFO - 'user1234' logged out
[01-22 08:53:18] p6780 {/home/with/Desktop/software-development/flask_app/app.py:76} INFO - 'user1234' logged in successfully
[01-22 08:53:51] p6780 {/home/with/Desktop/software-development/flask_app/app.py:186} INFO - 'user1234' add a rating to the film 'Палм Спрингс (2020)'
[01-22 08:54:01] p6780 {/home/with/Desktop/software-development/flask_app/app.py:186} INFO - 'user1234' add a rating to the film 'За душата (2020)'
[01-22 08:54:03] p6780 {/home/with/Desktop/software-development/flask_app/app.py:186} INFO - 'user1234' add a rating to the film 'Подмяна на принцесата 2 (2020)'
[01-22 08:54:06] p6780 {/home/with/Desktop/software-development/flask_app/app.py:186} INFO - 'user1234' add a rating to the film 'Момиче с потенциал (2020)'
[01-22 08:54:11] p6780 {/home/with/Desktop/software-development/flask_app/app.py:186} INFO - 'user1234' add a rating to the film 'Мулан (2020)'
[01-22 08:54:45] p6780 {/home/with/Desktop/software-development/flask_app/app.py:76} INFO - 'user1234' logged in successfully
[01-22 08:55:13] p6780 {/home/with/Desktop/software-development/flask_app/app.py:120} DEBUG - Film with id 'None' is created
[01-22 08:55:43] p6780 {/home/with/Desktop/software-development/flask_app/app.py:159} DEBUG - Film with id '6' edited
[01-22 08:56:39] p6780 {/home/with/Desktop/software-development/flask_app/app.py:89} INFO - 'user1234' logged out
[01-22 08:56:58] p6780 {/home/with/Desktop/software-development/flask_app/app.py:48} INFO - 'user1234' wants to register again!
[07-05 19:19:48] p159137 {/home/with/Desktop/Repos/software-development/flask_app/app.py:25} INFO - Logging is set up.
[07-05 19:19:49] p159141 {/home/with/Desktop/Repos/software-development/flask_app/app.py:25} INFO - Logging is set up.
[07-05 19:20:10] p159980 {/home/with/Desktop/Repos/software-development/flask_app/app.py:25} INFO - Logging is set up.
[07-05 19:20:10] p159982 {/home/with/Desktop/Repos/software-development/flask_app/app.py:25} INFO - Logging is set up.
[07-05 19:20:40] p161624 {/home/with/Desktop/Repos/software-development/flask_app/app.py:25} INFO - Logging is set up.
[07-05 19:21:10] p162450 {/home/with/Desktop/Repos/software-development/flask_app/app.py:25} INFO - Logging is set up.
[07-05 19:21:27] p163270 {/home/with/Desktop/Repos/software-development/flask_app/app.py:25} INFO - Logging is set up.
[07-05 19:21:28] p163272 {/home/with/Desktop/Repos/software-development/flask_app/app.py:25} INFO - Logging is set up.
[07-05 19:22:29] p163272 {/home/with/Desktop/Repos/software-development/flask_app/app.py:79} WARNING - 'Stoyan' is NOT logged!
[07-05 19:24:20] p163272 {/home/with/Desktop/Repos/software-development/flask_app/app.py:53} INFO - 'Stoyan' registered successfully!
[07-05 19:24:31] p163272 {/home/with/Desktop/Repos/software-development/flask_app/app.py:76} INFO - 'Stoyan' logged in successfully
[07-05 19:27:54] p179143 {/home/with/Desktop/Repos/software-development/flask_app/app.py:25} INFO - Logging is set up.
